2015-06-05 00:48:11+0000 [scrapy] INFO: Scrapy 0.24.6 started (bot: fiction)
2015-06-05 00:48:11+0000 [scrapy] INFO: Optional features available: ssl, http11
2015-06-05 00:48:11+0000 [scrapy] INFO: Overridden settings: {'NEWSPIDER_MODULE': 'fiction.spiders', 'SPIDER_MODULES': ['fiction.spiders'], 'CONCURRENT_REQUESTS_PER_DOMAIN': 16, 'BOT_NAME': 'fiction'}
2015-06-05 00:48:11+0000 [scrapy] INFO: Enabled extensions: LogStats, TelnetConsole, CloseSpider, WebService, CoreStats, SpiderState
2015-06-05 00:48:11+0000 [scrapy] INFO: Enabled downloader middlewares: HttpAuthMiddleware, DownloadTimeoutMiddleware, UserAgentMiddleware, RetryMiddleware, DefaultHeadersMiddleware, MetaRefreshMiddleware, HttpCompressionMiddleware, RedirectMiddleware, CookiesMiddleware, ChunkedTransferMiddleware, DownloaderStats
2015-06-05 00:48:11+0000 [scrapy] INFO: Enabled spider middlewares: HttpErrorMiddleware, OffsiteMiddleware, RefererMiddleware, UrlLengthMiddleware, DepthMiddleware
2015-06-05 00:48:11+0000 [scrapy] INFO: Enabled item pipelines: 
2015-06-05 00:48:11+0000 [i7wu] INFO: Spider opened
2015-06-05 00:48:11+0000 [i7wu] INFO: Resuming crawl (2794 requests scheduled)
2015-06-05 00:48:11+0000 [i7wu] INFO: Crawled 0 pages (at 0 pages/min), scraped 0 items (at 0 items/min)
2015-06-05 00:48:11+0000 [scrapy] DEBUG: Telnet console listening on 127.0.0.1:6023
2015-06-05 00:48:11+0000 [scrapy] DEBUG: Web service listening on 127.0.0.1:6080
2015-06-05 00:49:11+0000 [i7wu] INFO: Crawled 0 pages (at 0 pages/min), scraped 0 items (at 0 items/min)
2015-06-05 00:49:12+0000 [i7wu] DEBUG: Retrying <GET http://m.i7wu.cn/read/txt/1619-23.htm> (failed 1 times): [<twisted.python.failure.Failure <class 'twisted.internet.error.ConnectionDone'>>]
2015-06-05 00:49:12+0000 [i7wu] DEBUG: Retrying <GET http://m.i7wu.cn/read/txt/2467-3.htm> (failed 1 times): [<twisted.python.failure.Failure <class 'twisted.internet.error.ConnectionDone'>>]
2015-06-05 00:49:12+0000 [i7wu] DEBUG: Retrying <GET http://m.i7wu.cn/read/txt/2565-1.htm> (failed 1 times): [<twisted.python.failure.Failure <class 'twisted.internet.error.ConnectionDone'>>]
2015-06-05 00:49:12+0000 [i7wu] DEBUG: Retrying <GET http://m.i7wu.cn/read/txt/2048-12.htm> (failed 1 times): [<twisted.python.failure.Failure <class 'twisted.internet.error.ConnectionDone'>>]
2015-06-05 00:49:12+0000 [i7wu] DEBUG: Retrying <GET http://m.i7wu.cn/read/txt/2562-1.htm> (failed 1 times): [<twisted.python.failure.Failure <class 'twisted.internet.error.ConnectionDone'>>]
2015-06-05 00:49:12+0000 [i7wu] DEBUG: Retrying <GET http://m.i7wu.cn/read/txt/1520-25.htm> (failed 1 times): [<twisted.python.failure.Failure <class 'twisted.internet.error.ConnectionDone'>>]
2015-06-05 00:49:12+0000 [i7wu] DEBUG: Retrying <GET http://m.i7wu.cn/read/txt/2564-1.htm> (failed 1 times): [<twisted.python.failure.Failure <class 'twisted.internet.error.ConnectionDone'>>]
2015-06-05 00:49:12+0000 [i7wu] DEBUG: Retrying <GET http://m.i7wu.cn/read/txt/1520-24.htm> (failed 1 times): [<twisted.python.failure.Failure <class 'twisted.internet.error.ConnectionDone'>>]
2015-06-05 00:49:12+0000 [i7wu] DEBUG: Retrying <GET http://m.i7wu.cn/read/txt/2561-1.htm> (failed 1 times): [<twisted.python.failure.Failure <class 'twisted.internet.error.ConnectionDone'>>]
2015-06-05 00:49:12+0000 [i7wu] DEBUG: Retrying <GET http://m.i7wu.cn/read/txt/2467-2.htm> (failed 1 times): [<twisted.python.failure.Failure <class 'twisted.internet.error.ConnectionDone'>>]
2015-06-05 00:49:12+0000 [i7wu] DEBUG: Retrying <GET http://m.i7wu.cn/read/txt/2559-1.htm> (failed 1 times): [<twisted.python.failure.Failure <class 'twisted.internet.error.ConnectionDone'>>]
2015-06-05 00:49:12+0000 [i7wu] DEBUG: Retrying <GET http://m.i7wu.cn/read/txt/2558-1.htm> (failed 1 times): [<twisted.python.failure.Failure <class 'twisted.internet.error.ConnectionDone'>>]
2015-06-05 00:49:12+0000 [i7wu] DEBUG: Retrying <GET http://m.i7wu.cn/read/txt/2563-1.htm> (failed 1 times): [<twisted.python.failure.Failure <class 'twisted.internet.error.ConnectionDone'>>]
2015-06-05 00:49:12+0000 [i7wu] DEBUG: Retrying <GET http://m.i7wu.cn/read/txt/1619-22.htm> (failed 1 times): [<twisted.python.failure.Failure <class 'twisted.internet.error.ConnectionDone'>>]
2015-06-05 00:49:12+0000 [i7wu] DEBUG: Retrying <GET http://m.i7wu.cn/read/txt/2560-1.htm> (failed 1 times): [<twisted.python.failure.Failure <class 'twisted.internet.error.ConnectionDone'>>]
2015-06-05 00:49:12+0000 [i7wu] DEBUG: Retrying <GET http://m.i7wu.cn/read/txt/2566-1.htm> (failed 1 times): [<twisted.python.failure.Failure <class 'twisted.internet.error.ConnectionDone'>>]
2015-06-05 00:50:11+0000 [i7wu] INFO: Crawled 0 pages (at 0 pages/min), scraped 0 items (at 0 items/min)
2015-06-05 00:50:12+0000 [i7wu] DEBUG: Retrying <GET http://m.i7wu.cn/read/txt/2557-1.htm> (failed 1 times): [<twisted.python.failure.Failure <class 'twisted.internet.error.ConnectionDone'>>]
2015-06-05 00:50:12+0000 [i7wu] DEBUG: Retrying <GET http://m.i7wu.cn/read/txt/2555-1.htm> (failed 1 times): [<twisted.python.failure.Failure <class 'twisted.internet.error.ConnectionDone'>>]
2015-06-05 00:50:12+0000 [i7wu] DEBUG: Retrying <GET http://m.i7wu.cn/read/txt/2556-1.htm> (failed 1 times): [<twisted.python.failure.Failure <class 'twisted.internet.error.ConnectionDone'>>]
2015-06-05 00:50:12+0000 [i7wu] DEBUG: Retrying <GET http://m.i7wu.cn/read/txt/2554-1.htm> (failed 1 times): [<twisted.python.failure.Failure <class 'twisted.internet.error.ConnectionDone'>>]
2015-06-05 00:50:12+0000 [i7wu] DEBUG: Retrying <GET http://m.i7wu.cn/read/txt/2551-1.htm> (failed 1 times): [<twisted.python.failure.Failure <class 'twisted.internet.error.ConnectionDone'>>]
2015-06-05 00:50:12+0000 [i7wu] DEBUG: Retrying <GET http://m.i7wu.cn/read/txt/2550-1.htm> (failed 1 times): [<twisted.python.failure.Failure <class 'twisted.internet.error.ConnectionDone'>>]
2015-06-05 00:50:12+0000 [i7wu] DEBUG: Retrying <GET http://m.i7wu.cn/read/txt/2553-1.htm> (failed 1 times): [<twisted.python.failure.Failure <class 'twisted.internet.error.ConnectionDone'>>]
2015-06-05 00:50:12+0000 [i7wu] DEBUG: Retrying <GET http://m.i7wu.cn/read/txt/2546-1.htm> (failed 1 times): [<twisted.python.failure.Failure <class 'twisted.internet.error.ConnectionDone'>>]
2015-06-05 00:50:12+0000 [i7wu] DEBUG: Retrying <GET http://m.i7wu.cn/read/txt/2549-1.htm> (failed 1 times): [<twisted.python.failure.Failure <class 'twisted.internet.error.ConnectionDone'>>]
2015-06-05 00:50:12+0000 [i7wu] DEBUG: Retrying <GET http://m.i7wu.cn/read/txt/2552-1.htm> (failed 1 times): [<twisted.python.failure.Failure <class 'twisted.internet.error.ConnectionDone'>>]
2015-06-05 00:50:12+0000 [i7wu] DEBUG: Retrying <GET http://m.i7wu.cn/read/txt/2548-1.htm> (failed 1 times): [<twisted.python.failure.Failure <class 'twisted.internet.error.ConnectionDone'>>]
2015-06-05 00:50:12+0000 [i7wu] DEBUG: Retrying <GET http://m.i7wu.cn/read/txt/2547-1.htm> (failed 1 times): [<twisted.python.failure.Failure <class 'twisted.internet.error.ConnectionDone'>>]
2015-06-05 00:50:12+0000 [i7wu] DEBUG: Retrying <GET http://m.i7wu.cn/read/txt/2545-1.htm> (failed 1 times): [<twisted.python.failure.Failure <class 'twisted.internet.error.ConnectionDone'>>]
2015-06-05 00:50:12+0000 [i7wu] DEBUG: Retrying <GET http://m.i7wu.cn/read/txt/2542-1.htm> (failed 1 times): [<twisted.python.failure.Failure <class 'twisted.internet.error.ConnectionDone'>>]
2015-06-05 00:50:12+0000 [i7wu] DEBUG: Retrying <GET http://m.i7wu.cn/read/txt/2543-1.htm> (failed 1 times): [<twisted.python.failure.Failure <class 'twisted.internet.error.ConnectionDone'>>]
2015-06-05 00:50:12+0000 [i7wu] DEBUG: Retrying <GET http://m.i7wu.cn/read/txt/2544-1.htm> (failed 1 times): [<twisted.python.failure.Failure <class 'twisted.internet.error.ConnectionDone'>>]
2015-06-05 00:51:11+0000 [i7wu] INFO: Crawled 0 pages (at 0 pages/min), scraped 0 items (at 0 items/min)
2015-06-05 00:51:13+0000 [i7wu] DEBUG: Retrying <GET http://m.i7wu.cn/read/txt/2540-1.htm> (failed 1 times): [<twisted.python.failure.Failure <class 'twisted.internet.error.ConnectionDone'>>]
2015-06-05 00:51:13+0000 [i7wu] DEBUG: Retrying <GET http://m.i7wu.cn/read/txt/2541-1.htm> (failed 1 times): [<twisted.python.failure.Failure <class 'twisted.internet.error.ConnectionDone'>>]
2015-06-05 00:51:13+0000 [i7wu] DEBUG: Retrying <GET http://m.i7wu.cn/read/txt/2538-1.htm> (failed 1 times): [<twisted.python.failure.Failure <class 'twisted.internet.error.ConnectionDone'>>]
2015-06-05 00:51:13+0000 [i7wu] DEBUG: Retrying <GET http://m.i7wu.cn/read/txt/2539-1.htm> (failed 1 times): [<twisted.python.failure.Failure <class 'twisted.internet.error.ConnectionDone'>>]
2015-06-05 00:51:13+0000 [i7wu] DEBUG: Retrying <GET http://m.i7wu.cn/read/txt/2537-1.htm> (failed 1 times): [<twisted.python.failure.Failure <class 'twisted.internet.error.ConnectionDone'>>]
2015-06-05 00:51:13+0000 [i7wu] DEBUG: Retrying <GET http://m.i7wu.cn/read/txt/2536-1.htm> (failed 1 times): [<twisted.python.failure.Failure <class 'twisted.internet.error.ConnectionDone'>>]
2015-06-05 00:51:13+0000 [i7wu] DEBUG: Retrying <GET http://m.i7wu.cn/read/txt/2529-1.htm> (failed 1 times): [<twisted.python.failure.Failure <class 'twisted.internet.error.ConnectionDone'>>]
2015-06-05 00:51:13+0000 [i7wu] DEBUG: Retrying <GET http://m.i7wu.cn/read/txt/2531-1.htm> (failed 1 times): [<twisted.python.failure.Failure <class 'twisted.internet.error.ConnectionDone'>>]
2015-06-05 00:51:13+0000 [i7wu] DEBUG: Retrying <GET http://m.i7wu.cn/read/txt/2532-1.htm> (failed 1 times): [<twisted.python.failure.Failure <class 'twisted.internet.error.ConnectionDone'>>]
2015-06-05 00:51:13+0000 [i7wu] DEBUG: Retrying <GET http://m.i7wu.cn/read/txt/2527-1.htm> (failed 1 times): [<twisted.python.failure.Failure <class 'twisted.internet.error.ConnectionDone'>>]
2015-06-05 00:51:13+0000 [i7wu] DEBUG: Retrying <GET http://m.i7wu.cn/read/txt/2530-1.htm> (failed 1 times): [<twisted.python.failure.Failure <class 'twisted.internet.error.ConnectionDone'>>]
2015-06-05 00:51:13+0000 [i7wu] DEBUG: Retrying <GET http://m.i7wu.cn/read/txt/2526-1.htm> (failed 1 times): [<twisted.python.failure.Failure <class 'twisted.internet.error.ConnectionDone'>>]
2015-06-05 00:51:13+0000 [i7wu] DEBUG: Retrying <GET http://m.i7wu.cn/read/txt/2533-1.htm> (failed 1 times): [<twisted.python.failure.Failure <class 'twisted.internet.error.ConnectionDone'>>]
2015-06-05 00:51:13+0000 [i7wu] DEBUG: Retrying <GET http://m.i7wu.cn/read/txt/2525-1.htm> (failed 1 times): [<twisted.python.failure.Failure <class 'twisted.internet.error.ConnectionDone'>>]
2015-06-05 00:51:13+0000 [i7wu] DEBUG: Retrying <GET http://m.i7wu.cn/read/txt/2528-1.htm> (failed 1 times): [<twisted.python.failure.Failure <class 'twisted.internet.error.ConnectionDone'>>]
2015-06-05 00:51:13+0000 [i7wu] DEBUG: Retrying <GET http://m.i7wu.cn/read/txt/2524-1.htm> (failed 1 times): [<twisted.python.failure.Failure <class 'twisted.internet.error.ConnectionDone'>>]
2015-06-05 00:52:11+0000 [i7wu] INFO: Crawled 0 pages (at 0 pages/min), scraped 0 items (at 0 items/min)
2015-06-05 00:52:13+0000 [i7wu] DEBUG: Retrying <GET http://m.i7wu.cn/read/txt/2523-1.htm> (failed 1 times): [<twisted.python.failure.Failure <class 'twisted.internet.error.ConnectionDone'>>]
2015-06-05 00:52:13+0000 [i7wu] DEBUG: Retrying <GET http://m.i7wu.cn/read/txt/2521-1.htm> (failed 1 times): [<twisted.python.failure.Failure <class 'twisted.internet.error.ConnectionDone'>>]
2015-06-05 00:52:13+0000 [i7wu] DEBUG: Retrying <GET http://m.i7wu.cn/read/txt/2520-1.htm> (failed 1 times): [<twisted.python.failure.Failure <class 'twisted.internet.error.ConnectionDone'>>]
2015-06-05 00:52:13+0000 [i7wu] DEBUG: Retrying <GET http://m.i7wu.cn/read/txt/2522-1.htm> (failed 1 times): [<twisted.python.failure.Failure <class 'twisted.internet.error.ConnectionDone'>>]
2015-06-05 00:52:13+0000 [i7wu] DEBUG: Retrying <GET http://m.i7wu.cn/read/txt/2517-1.htm> (failed 1 times): [<twisted.python.failure.Failure <class 'twisted.internet.error.ConnectionDone'>>]
2015-06-05 00:52:13+0000 [i7wu] DEBUG: Retrying <GET http://m.i7wu.cn/read/txt/2519-1.htm> (failed 1 times): [<twisted.python.failure.Failure <class 'twisted.internet.error.ConnectionDone'>>]
2015-06-05 00:52:13+0000 [i7wu] DEBUG: Retrying <GET http://m.i7wu.cn/read/txt/2514-1.htm> (failed 1 times): [<twisted.python.failure.Failure <class 'twisted.internet.error.ConnectionDone'>>]
2015-06-05 00:52:13+0000 [i7wu] DEBUG: Retrying <GET http://m.i7wu.cn/read/txt/2515-1.htm> (failed 1 times): [<twisted.python.failure.Failure <class 'twisted.internet.error.ConnectionDone'>>]
2015-06-05 00:52:13+0000 [i7wu] DEBUG: Retrying <GET http://m.i7wu.cn/read/txt/2511-1.htm> (failed 1 times): [<twisted.python.failure.Failure <class 'twisted.internet.error.ConnectionDone'>>]
2015-06-05 00:52:13+0000 [i7wu] DEBUG: Retrying <GET http://m.i7wu.cn/read/txt/2516-1.htm> (failed 1 times): [<twisted.python.failure.Failure <class 'twisted.internet.error.ConnectionDone'>>]
2015-06-05 00:52:13+0000 [i7wu] DEBUG: Retrying <GET http://m.i7wu.cn/read/txt/2513-1.htm> (failed 1 times): [<twisted.python.failure.Failure <class 'twisted.internet.error.ConnectionDone'>>]
2015-06-05 00:52:13+0000 [i7wu] DEBUG: Retrying <GET http://m.i7wu.cn/read/txt/2518-1.htm> (failed 1 times): [<twisted.python.failure.Failure <class 'twisted.internet.error.ConnectionDone'>>]
2015-06-05 00:52:13+0000 [i7wu] DEBUG: Retrying <GET http://m.i7wu.cn/read/txt/2510-1.htm> (failed 1 times): [<twisted.python.failure.Failure <class 'twisted.internet.error.ConnectionDone'>>]
2015-06-05 00:52:13+0000 [i7wu] DEBUG: Retrying <GET http://m.i7wu.cn/read/txt/2509-1.htm> (failed 1 times): [<twisted.python.failure.Failure <class 'twisted.internet.error.ConnectionDone'>>]
2015-06-05 00:52:13+0000 [i7wu] DEBUG: Retrying <GET http://m.i7wu.cn/read/txt/2512-1.htm> (failed 1 times): [<twisted.python.failure.Failure <class 'twisted.internet.error.ConnectionDone'>>]
2015-06-05 00:52:13+0000 [i7wu] DEBUG: Retrying <GET http://m.i7wu.cn/read/txt/2508-1.htm> (failed 1 times): [<twisted.python.failure.Failure <class 'twisted.internet.error.ConnectionDone'>>]
2015-06-05 00:53:11+0000 [i7wu] INFO: Crawled 0 pages (at 0 pages/min), scraped 0 items (at 0 items/min)
2015-06-05 00:53:13+0000 [i7wu] DEBUG: Retrying <GET http://m.i7wu.cn/read/txt/2507-1.htm> (failed 1 times): [<twisted.python.failure.Failure <class 'twisted.internet.error.ConnectionDone'>>]
2015-06-05 00:53:13+0000 [i7wu] DEBUG: Retrying <GET http://m.i7wu.cn/read/txt/2506-1.htm> (failed 1 times): [<twisted.python.failure.Failure <class 'twisted.internet.error.ConnectionDone'>>]
2015-06-05 00:53:13+0000 [i7wu] DEBUG: Retrying <GET http://m.i7wu.cn/read/txt/2505-1.htm> (failed 1 times): [<twisted.python.failure.Failure <class 'twisted.internet.error.ConnectionDone'>>]
2015-06-05 00:53:13+0000 [i7wu] DEBUG: Retrying <GET http://m.i7wu.cn/read/txt/2504-1.htm> (failed 1 times): [<twisted.python.failure.Failure <class 'twisted.internet.error.ConnectionDone'>>]
2015-06-05 00:53:13+0000 [i7wu] DEBUG: Retrying <GET http://m.i7wu.cn/read/txt/2503-1.htm> (failed 1 times): [<twisted.python.failure.Failure <class 'twisted.internet.error.ConnectionDone'>>]
2015-06-05 00:53:13+0000 [i7wu] DEBUG: Retrying <GET http://m.i7wu.cn/read/txt/2499-1.htm> (failed 1 times): [<twisted.python.failure.Failure <class 'twisted.internet.error.ConnectionDone'>>]
2015-06-05 00:53:13+0000 [i7wu] DEBUG: Retrying <GET http://m.i7wu.cn/read/txt/2502-1.htm> (failed 1 times): [<twisted.python.failure.Failure <class 'twisted.internet.error.ConnectionDone'>>]
2015-06-05 00:53:13+0000 [i7wu] DEBUG: Retrying <GET http://m.i7wu.cn/read/txt/2500-1.htm> (failed 1 times): [<twisted.python.failure.Failure <class 'twisted.internet.error.ConnectionDone'>>]
2015-06-05 00:53:13+0000 [i7wu] DEBUG: Retrying <GET http://m.i7wu.cn/read/txt/2501-1.htm> (failed 1 times): [<twisted.python.failure.Failure <class 'twisted.internet.error.ConnectionDone'>>]
2015-06-05 00:53:13+0000 [i7wu] DEBUG: Retrying <GET http://m.i7wu.cn/read/txt/2497-1.htm> (failed 1 times): [<twisted.python.failure.Failure <class 'twisted.internet.error.ConnectionDone'>>]
2015-06-05 00:53:14+0000 [i7wu] DEBUG: Retrying <GET http://m.i7wu.cn/read/txt/2493-1.htm> (failed 1 times): [<twisted.python.failure.Failure <class 'twisted.internet.error.ConnectionDone'>>]
2015-06-05 00:53:14+0000 [i7wu] DEBUG: Retrying <GET http://m.i7wu.cn/read/txt/2498-1.htm> (failed 1 times): [<twisted.python.failure.Failure <class 'twisted.internet.error.ConnectionDone'>>]
2015-06-05 00:53:14+0000 [i7wu] DEBUG: Retrying <GET http://m.i7wu.cn/read/txt/2496-1.htm> (failed 1 times): [<twisted.python.failure.Failure <class 'twisted.internet.error.ConnectionDone'>>]
2015-06-05 00:53:14+0000 [i7wu] DEBUG: Retrying <GET http://m.i7wu.cn/read/txt/2494-1.htm> (failed 1 times): [<twisted.python.failure.Failure <class 'twisted.internet.error.ConnectionDone'>>]
2015-06-05 00:53:14+0000 [i7wu] DEBUG: Retrying <GET http://m.i7wu.cn/read/txt/2492-1.htm> (failed 1 times): [<twisted.python.failure.Failure <class 'twisted.internet.error.ConnectionDone'>>]
2015-06-05 00:53:14+0000 [i7wu] DEBUG: Retrying <GET http://m.i7wu.cn/read/txt/2495-1.htm> (failed 1 times): [<twisted.python.failure.Failure <class 'twisted.internet.error.ConnectionDone'>>]
2015-06-05 00:53:37+0000 [scrapy] INFO: Scrapy 0.24.6 started (bot: fiction)
2015-06-05 00:53:37+0000 [scrapy] INFO: Optional features available: ssl, http11
2015-06-05 00:53:37+0000 [scrapy] INFO: Overridden settings: {'NEWSPIDER_MODULE': 'fiction.spiders', 'SPIDER_MODULES': ['fiction.spiders'], 'CONCURRENT_REQUESTS_PER_DOMAIN': 16, 'BOT_NAME': 'fiction'}
2015-06-05 00:53:37+0000 [scrapy] INFO: Enabled extensions: LogStats, TelnetConsole, CloseSpider, WebService, CoreStats, SpiderState
2015-06-05 00:53:37+0000 [scrapy] INFO: Enabled downloader middlewares: HttpAuthMiddleware, DownloadTimeoutMiddleware, UserAgentMiddleware, RetryMiddleware, DefaultHeadersMiddleware, MetaRefreshMiddleware, HttpCompressionMiddleware, RedirectMiddleware, CookiesMiddleware, ChunkedTransferMiddleware, DownloaderStats
2015-06-05 00:53:37+0000 [scrapy] INFO: Enabled spider middlewares: HttpErrorMiddleware, OffsiteMiddleware, RefererMiddleware, UrlLengthMiddleware, DepthMiddleware
2015-06-05 00:53:37+0000 [scrapy] INFO: Enabled item pipelines: 
2015-06-05 00:53:37+0000 [i7wu] INFO: Spider opened
2015-06-05 00:53:37+0000 [i7wu] INFO: Crawled 0 pages (at 0 pages/min), scraped 0 items (at 0 items/min)
2015-06-05 00:53:37+0000 [scrapy] DEBUG: Telnet console listening on 127.0.0.1:6024
2015-06-05 00:53:37+0000 [scrapy] DEBUG: Web service listening on 127.0.0.1:6081
2015-06-05 00:53:48+0000 [scrapy] INFO: Received SIGTERM, shutting down gracefully. Send again to force 
2015-06-05 00:53:48+0000 [i7wu] INFO: Closing spider (shutdown)
2015-06-05 00:53:51+0000 [scrapy] INFO: Received SIGTERM, shutting down gracefully. Send again to force 
2015-06-05 00:53:51+0000 [i7wu] INFO: Closing spider (shutdown)
2015-06-05 00:54:00+0000 [scrapy] INFO: Scrapy 0.24.6 started (bot: fiction)
2015-06-05 00:54:00+0000 [scrapy] INFO: Optional features available: ssl, http11
2015-06-05 00:54:00+0000 [scrapy] INFO: Overridden settings: {'NEWSPIDER_MODULE': 'fiction.spiders', 'SPIDER_MODULES': ['fiction.spiders'], 'CONCURRENT_REQUESTS_PER_DOMAIN': 16, 'BOT_NAME': 'fiction'}
2015-06-05 00:54:00+0000 [scrapy] INFO: Enabled extensions: LogStats, TelnetConsole, CloseSpider, WebService, CoreStats, SpiderState
2015-06-05 00:54:00+0000 [scrapy] INFO: Enabled downloader middlewares: HttpAuthMiddleware, DownloadTimeoutMiddleware, UserAgentMiddleware, RetryMiddleware, DefaultHeadersMiddleware, MetaRefreshMiddleware, HttpCompressionMiddleware, RedirectMiddleware, CookiesMiddleware, ChunkedTransferMiddleware, DownloaderStats
2015-06-05 00:54:00+0000 [scrapy] INFO: Enabled spider middlewares: HttpErrorMiddleware, OffsiteMiddleware, RefererMiddleware, UrlLengthMiddleware, DepthMiddleware
2015-06-05 00:54:00+0000 [scrapy] INFO: Enabled item pipelines: 
2015-06-05 00:54:00+0000 [i7wu] INFO: Spider opened
2015-06-05 00:54:00+0000 [i7wu] INFO: Crawled 0 pages (at 0 pages/min), scraped 0 items (at 0 items/min)
2015-06-05 00:54:00+0000 [scrapy] DEBUG: Telnet console listening on 127.0.0.1:6025
2015-06-05 00:54:00+0000 [scrapy] DEBUG: Web service listening on 127.0.0.1:6082
2015-06-05 00:54:11+0000 [i7wu] INFO: Crawled 0 pages (at 0 pages/min), scraped 0 items (at 0 items/min)
2015-06-05 00:54:14+0000 [i7wu] DEBUG: Retrying <GET http://m.i7wu.cn/read/txt/2489-1.htm> (failed 1 times): [<twisted.python.failure.Failure <class 'twisted.internet.error.ConnectionDone'>>]
2015-06-05 00:54:14+0000 [i7wu] DEBUG: Retrying <GET http://m.i7wu.cn/read/txt/2490-1.htm> (failed 1 times): [<twisted.python.failure.Failure <class 'twisted.internet.error.ConnectionDone'>>]
2015-06-05 00:54:14+0000 [i7wu] DEBUG: Retrying <GET http://m.i7wu.cn/read/txt/2491-1.htm> (failed 1 times): [<twisted.python.failure.Failure <class 'twisted.internet.error.ConnectionDone'>>]
2015-06-05 00:54:14+0000 [i7wu] DEBUG: Retrying <GET http://m.i7wu.cn/read/txt/2488-1.htm> (failed 1 times): [<twisted.python.failure.Failure <class 'twisted.internet.error.ConnectionDone'>>]
2015-06-05 00:54:14+0000 [i7wu] DEBUG: Retrying <GET http://m.i7wu.cn/read/txt/2485-1.htm> (failed 1 times): [<twisted.python.failure.Failure <class 'twisted.internet.error.ConnectionDone'>>]
2015-06-05 00:54:14+0000 [i7wu] DEBUG: Retrying <GET http://m.i7wu.cn/read/txt/2487-1.htm> (failed 1 times): [<twisted.python.failure.Failure <class 'twisted.internet.error.ConnectionDone'>>]
2015-06-05 00:54:14+0000 [i7wu] DEBUG: Retrying <GET http://m.i7wu.cn/read/txt/2486-1.htm> (failed 1 times): [<twisted.python.failure.Failure <class 'twisted.internet.error.ConnectionDone'>>]
2015-06-05 00:54:14+0000 [i7wu] DEBUG: Retrying <GET http://m.i7wu.cn/read/txt/2483-1.htm> (failed 1 times): [<twisted.python.failure.Failure <class 'twisted.internet.error.ConnectionDone'>>]
2015-06-05 00:54:14+0000 [i7wu] DEBUG: Retrying <GET http://m.i7wu.cn/read/txt/2482-1.htm> (failed 1 times): [<twisted.python.failure.Failure <class 'twisted.internet.error.ConnectionDone'>>]
2015-06-05 00:54:14+0000 [i7wu] DEBUG: Retrying <GET http://m.i7wu.cn/read/txt/2484-1.htm> (failed 1 times): [<twisted.python.failure.Failure <class 'twisted.internet.error.ConnectionDone'>>]
2015-06-05 00:54:14+0000 [i7wu] DEBUG: Retrying <GET http://m.i7wu.cn/read/txt/2479-1.htm> (failed 1 times): [<twisted.python.failure.Failure <class 'twisted.internet.error.ConnectionDone'>>]
2015-06-05 00:54:14+0000 [i7wu] DEBUG: Retrying <GET http://m.i7wu.cn/read/txt/2481-1.htm> (failed 1 times): [<twisted.python.failure.Failure <class 'twisted.internet.error.ConnectionDone'>>]
2015-06-05 00:54:14+0000 [i7wu] DEBUG: Retrying <GET http://m.i7wu.cn/read/txt/2480-1.htm> (failed 1 times): [<twisted.python.failure.Failure <class 'twisted.internet.error.ConnectionDone'>>]
2015-06-05 00:54:14+0000 [i7wu] DEBUG: Retrying <GET http://m.i7wu.cn/read/txt/2478-1.htm> (failed 1 times): [<twisted.python.failure.Failure <class 'twisted.internet.error.ConnectionDone'>>]
2015-06-05 00:54:14+0000 [i7wu] DEBUG: Retrying <GET http://m.i7wu.cn/read/txt/2476-1.htm> (failed 1 times): [<twisted.python.failure.Failure <class 'twisted.internet.error.ConnectionDone'>>]
2015-06-05 00:54:14+0000 [i7wu] DEBUG: Retrying <GET http://m.i7wu.cn/read/txt/2477-1.htm> (failed 1 times): [<twisted.python.failure.Failure <class 'twisted.internet.error.ConnectionDone'>>]
2015-06-05 00:54:14+0000 [i7wu] INFO: Dumping Scrapy stats:
	{'downloader/exception_count': 96,
	 'downloader/exception_type_count/twisted.web._newclient.ResponseNeverReceived': 96,
	 'downloader/request_bytes': 26314,
	 'downloader/request_count': 96,
	 'downloader/request_method_count/GET': 96,
	 'finish_reason': 'shutdown',
	 'finish_time': datetime.datetime(2015, 6, 5, 0, 54, 14, 483003),
	 'log_count/DEBUG': 98,
	 'log_count/INFO': 15,
	 'scheduler/dequeued': 96,
	 'scheduler/dequeued/disk': 96,
	 'scheduler/enqueued': 96,
	 'scheduler/enqueued/disk': 96,
	 'start_time': datetime.datetime(2015, 6, 5, 0, 48, 11, 713831)}
2015-06-05 00:54:14+0000 [i7wu] INFO: Spider closed (shutdown)
2015-06-05 00:54:37+0000 [i7wu] INFO: Crawled 0 pages (at 0 pages/min), scraped 0 items (at 0 items/min)
2015-06-05 00:54:37+0000 [i7wu] DEBUG: Retrying <GET http://m.i7wu.cn/read/txt/1-1.htm> (failed 1 times): [<twisted.python.failure.Failure <class 'twisted.internet.error.ConnectionDone'>>]
2015-06-05 00:54:37+0000 [i7wu] INFO: Dumping Scrapy stats:
	{'downloader/exception_count': 1,
	 'downloader/exception_type_count/twisted.web._newclient.ResponseNeverReceived': 1,
	 'downloader/request_bytes': 224,
	 'downloader/request_count': 1,
	 'downloader/request_method_count/GET': 1,
	 'finish_reason': 'shutdown',
	 'finish_time': datetime.datetime(2015, 6, 5, 0, 54, 37, 684083),
	 'log_count/DEBUG': 3,
	 'log_count/INFO': 9,
	 'scheduler/dequeued': 1,
	 'scheduler/dequeued/disk': 1,
	 'scheduler/enqueued': 2,
	 'scheduler/enqueued/disk': 2,
	 'start_time': datetime.datetime(2015, 6, 5, 0, 53, 37, 235311)}
2015-06-05 00:54:37+0000 [i7wu] INFO: Spider closed (shutdown)
2015-06-05 00:54:57+0000 [scrapy] INFO: Received SIGTERM, shutting down gracefully. Send again to force 
2015-06-05 00:54:57+0000 [i7wu] INFO: Closing spider (shutdown)
2015-06-05 00:55:00+0000 [i7wu] INFO: Crawled 0 pages (at 0 pages/min), scraped 0 items (at 0 items/min)
2015-06-05 00:55:00+0000 [i7wu] DEBUG: Retrying <GET http://m.i7wu.cn/read/txt/1-1.htm> (failed 1 times): [<twisted.python.failure.Failure <class 'twisted.internet.error.ConnectionDone'>>]
2015-06-05 00:55:00+0000 [i7wu] INFO: Dumping Scrapy stats:
	{'downloader/exception_count': 1,
	 'downloader/exception_type_count/twisted.web._newclient.ResponseNeverReceived': 1,
	 'downloader/request_bytes': 224,
	 'downloader/request_count': 1,
	 'downloader/request_method_count/GET': 1,
	 'finish_reason': 'shutdown',
	 'finish_time': datetime.datetime(2015, 6, 5, 0, 55, 0, 994197),
	 'log_count/DEBUG': 3,
	 'log_count/INFO': 9,
	 'scheduler/dequeued': 1,
	 'scheduler/dequeued/disk': 1,
	 'scheduler/enqueued': 1,
	 'scheduler/enqueued/disk': 1,
	 'start_time': datetime.datetime(2015, 6, 5, 0, 54, 0, 550691)}
2015-06-05 00:55:00+0000 [i7wu] INFO: Spider closed (shutdown)
2015-06-05 00:55:17+0000 [scrapy] INFO: Scrapy 0.24.6 started (bot: fiction)
2015-06-05 00:55:17+0000 [scrapy] INFO: Optional features available: ssl, http11
2015-06-05 00:55:17+0000 [scrapy] INFO: Overridden settings: {'NEWSPIDER_MODULE': 'fiction.spiders', 'SPIDER_MODULES': ['fiction.spiders'], 'CONCURRENT_REQUESTS_PER_DOMAIN': 16, 'BOT_NAME': 'fiction'}
2015-06-05 00:55:17+0000 [scrapy] INFO: Enabled extensions: LogStats, TelnetConsole, CloseSpider, WebService, CoreStats, SpiderState
2015-06-05 00:55:18+0000 [scrapy] INFO: Enabled downloader middlewares: HttpAuthMiddleware, DownloadTimeoutMiddleware, UserAgentMiddleware, RetryMiddleware, DefaultHeadersMiddleware, MetaRefreshMiddleware, HttpCompressionMiddleware, RedirectMiddleware, CookiesMiddleware, ChunkedTransferMiddleware, DownloaderStats
2015-06-05 00:55:18+0000 [scrapy] INFO: Enabled spider middlewares: HttpErrorMiddleware, OffsiteMiddleware, RefererMiddleware, UrlLengthMiddleware, DepthMiddleware
2015-06-05 00:55:18+0000 [scrapy] INFO: Enabled item pipelines: 
2015-06-05 00:55:18+0000 [i7wu] INFO: Spider opened
2015-06-05 00:55:18+0000 [i7wu] INFO: Crawled 0 pages (at 0 pages/min), scraped 0 items (at 0 items/min)
2015-06-05 00:55:18+0000 [scrapy] DEBUG: Telnet console listening on 127.0.0.1:6023
2015-06-05 00:55:18+0000 [scrapy] DEBUG: Web service listening on 127.0.0.1:6080
2015-06-05 00:56:18+0000 [i7wu] INFO: Crawled 0 pages (at 0 pages/min), scraped 0 items (at 0 items/min)
2015-06-05 00:56:18+0000 [i7wu] DEBUG: Retrying <GET http://m.i7wu.cn/read/txt/1-1.htm> (failed 1 times): [<twisted.python.failure.Failure <class 'twisted.internet.error.ConnectionDone'>>]
2015-06-05 00:57:18+0000 [i7wu] INFO: Crawled 0 pages (at 0 pages/min), scraped 0 items (at 0 items/min)
2015-06-05 00:57:18+0000 [i7wu] DEBUG: Retrying <GET http://m.i7wu.cn/read/txt/1-1.htm> (failed 2 times): [<twisted.python.failure.Failure <class 'twisted.internet.error.ConnectionDone'>>]
2015-06-05 00:58:18+0000 [i7wu] INFO: Crawled 0 pages (at 0 pages/min), scraped 0 items (at 0 items/min)
2015-06-05 00:58:19+0000 [i7wu] DEBUG: Gave up retrying <GET http://m.i7wu.cn/read/txt/1-1.htm> (failed 3 times): [<twisted.python.failure.Failure <class 'twisted.internet.error.ConnectionDone'>>]
2015-06-05 00:58:19+0000 [i7wu] ERROR: Error downloading <GET http://m.i7wu.cn/read/txt/1-1.htm>: [<twisted.python.failure.Failure <class 'twisted.internet.error.ConnectionDone'>>]
2015-06-05 00:58:19+0000 [i7wu] INFO: Closing spider (finished)
2015-06-05 00:58:19+0000 [i7wu] INFO: Dumping Scrapy stats:
	{'downloader/exception_count': 3,
	 'downloader/exception_type_count/twisted.web._newclient.ResponseNeverReceived': 3,
	 'downloader/request_bytes': 672,
	 'downloader/request_count': 3,
	 'downloader/request_method_count/GET': 3,
	 'finish_reason': 'finished',
	 'finish_time': datetime.datetime(2015, 6, 5, 0, 58, 19, 363223),
	 'log_count/DEBUG': 5,
	 'log_count/ERROR': 1,
	 'log_count/INFO': 10,
	 'scheduler/dequeued': 3,
	 'scheduler/dequeued/disk': 3,
	 'scheduler/enqueued': 3,
	 'scheduler/enqueued/disk': 3,
	 'start_time': datetime.datetime(2015, 6, 5, 0, 55, 18, 25625)}
2015-06-05 00:58:19+0000 [i7wu] INFO: Spider closed (finished)
